<?xml version="1.0" encoding="UTF-8"?>
<testsuite xmlns:xsi="http://www.w3.org/2001/XMLSchema-instance" xsi:noNamespaceSchemaLocation="https://maven.apache.org/surefire/maven-surefire-plugin/xsd/surefire-test-report-3.0.xsd" version="3.0" name="FacadeForGameTest" time="0.217" tests="10" errors="1" skipped="0" failures="1">
  <properties>
    <property name="java.specification.version" value="23"/>
    <property name="sun.cpu.isalist" value="amd64"/>
    <property name="sun.jnu.encoding" value="Cp1252"/>
    <property name="java.class.path" value="C:\Users\zagsk\Documents\Language-Learning-App\application\target\test-classes;C:\Users\zagsk\Documents\Language-Learning-App\application\target\classes;C:\Users\zagsk\.m2\repository\org\junit\jupiter\junit-jupiter\5.8.2\junit-jupiter-5.8.2.jar;C:\Users\zagsk\.m2\repository\org\junit\jupiter\junit-jupiter-api\5.8.2\junit-jupiter-api-5.8.2.jar;C:\Users\zagsk\.m2\repository\org\opentest4j\opentest4j\1.2.0\opentest4j-1.2.0.jar;C:\Users\zagsk\.m2\repository\org\junit\platform\junit-platform-commons\1.8.2\junit-platform-commons-1.8.2.jar;C:\Users\zagsk\.m2\repository\org\apiguardian\apiguardian-api\1.1.2\apiguardian-api-1.1.2.jar;C:\Users\zagsk\.m2\repository\org\junit\jupiter\junit-jupiter-params\5.8.2\junit-jupiter-params-5.8.2.jar;C:\Users\zagsk\.m2\repository\org\junit\jupiter\junit-jupiter-engine\5.8.2\junit-jupiter-engine-5.8.2.jar;C:\Users\zagsk\.m2\repository\org\junit\platform\junit-platform-engine\1.8.2\junit-platform-engine-1.8.2.jar;C:\Users\zagsk\.m2\repository\javazoom\jlayer\1.0.1\jlayer-1.0.1.jar;C:\Users\zagsk\.m2\repository\software\amazon\awssdk\polly\2.27.3\polly-2.27.3.jar;C:\Users\zagsk\.m2\repository\software\amazon\awssdk\aws-json-protocol\2.27.3\aws-json-protocol-2.27.3.jar;C:\Users\zagsk\.m2\repository\software\amazon\awssdk\third-party-jackson-core\2.27.3\third-party-jackson-core-2.27.3.jar;C:\Users\zagsk\.m2\repository\software\amazon\awssdk\protocol-core\2.27.3\protocol-core-2.27.3.jar;C:\Users\zagsk\.m2\repository\software\amazon\awssdk\profiles\2.27.3\profiles-2.27.3.jar;C:\Users\zagsk\.m2\repository\software\amazon\awssdk\http-auth-aws\2.27.3\http-auth-aws-2.27.3.jar;C:\Users\zagsk\.m2\repository\software\amazon\awssdk\checksums-spi\2.27.3\checksums-spi-2.27.3.jar;C:\Users\zagsk\.m2\repository\software\amazon\awssdk\checksums\2.27.3\checksums-2.27.3.jar;C:\Users\zagsk\.m2\repository\software\amazon\awssdk\sdk-core\2.27.3\sdk-core-2.27.3.jar;C:\Users\zagsk\.m2\repository\software\amazon\awssdk\retries\2.27.3\retries-2.27.3.jar;C:\Users\zagsk\.m2\repository\org\reactivestreams\reactive-streams\1.0.4\reactive-streams-1.0.4.jar;C:\Users\zagsk\.m2\repository\software\amazon\awssdk\auth\2.27.3\auth-2.27.3.jar;C:\Users\zagsk\.m2\repository\software\amazon\awssdk\http-auth-aws-eventstream\2.27.3\http-auth-aws-eventstream-2.27.3.jar;C:\Users\zagsk\.m2\repository\software\amazon\eventstream\eventstream\1.0.1\eventstream-1.0.1.jar;C:\Users\zagsk\.m2\repository\software\amazon\awssdk\http-auth-spi\2.27.3\http-auth-spi-2.27.3.jar;C:\Users\zagsk\.m2\repository\software\amazon\awssdk\http-auth\2.27.3\http-auth-2.27.3.jar;C:\Users\zagsk\.m2\repository\software\amazon\awssdk\identity-spi\2.27.3\identity-spi-2.27.3.jar;C:\Users\zagsk\.m2\repository\software\amazon\awssdk\http-client-spi\2.27.3\http-client-spi-2.27.3.jar;C:\Users\zagsk\.m2\repository\software\amazon\awssdk\regions\2.27.3\regions-2.27.3.jar;C:\Users\zagsk\.m2\repository\software\amazon\awssdk\annotations\2.27.3\annotations-2.27.3.jar;C:\Users\zagsk\.m2\repository\software\amazon\awssdk\utils\2.27.3\utils-2.27.3.jar;C:\Users\zagsk\.m2\repository\software\amazon\awssdk\aws-core\2.27.3\aws-core-2.27.3.jar;C:\Users\zagsk\.m2\repository\software\amazon\awssdk\metrics-spi\2.27.3\metrics-spi-2.27.3.jar;C:\Users\zagsk\.m2\repository\software\amazon\awssdk\json-utils\2.27.3\json-utils-2.27.3.jar;C:\Users\zagsk\.m2\repository\software\amazon\awssdk\endpoints-spi\2.27.3\endpoints-spi-2.27.3.jar;C:\Users\zagsk\.m2\repository\software\amazon\awssdk\retries-spi\2.27.3\retries-spi-2.27.3.jar;C:\Users\zagsk\.m2\repository\software\amazon\awssdk\apache-client\2.27.3\apache-client-2.27.3.jar;C:\Users\zagsk\.m2\repository\org\apache\httpcomponents\httpcore\4.4.16\httpcore-4.4.16.jar;C:\Users\zagsk\.m2\repository\commons-codec\commons-codec\1.17.1\commons-codec-1.17.1.jar;C:\Users\zagsk\.m2\repository\software\amazon\awssdk\netty-nio-client\2.27.3\netty-nio-client-2.27.3.jar;C:\Users\zagsk\.m2\repository\io\netty\netty-codec-http\4.1.112.Final\netty-codec-http-4.1.112.Final.jar;C:\Users\zagsk\.m2\repository\io\netty\netty-codec-http2\4.1.112.Final\netty-codec-http2-4.1.112.Final.jar;C:\Users\zagsk\.m2\repository\io\netty\netty-codec\4.1.112.Final\netty-codec-4.1.112.Final.jar;C:\Users\zagsk\.m2\repository\io\netty\netty-transport\4.1.112.Final\netty-transport-4.1.112.Final.jar;C:\Users\zagsk\.m2\repository\io\netty\netty-common\4.1.112.Final\netty-common-4.1.112.Final.jar;C:\Users\zagsk\.m2\repository\io\netty\netty-buffer\4.1.112.Final\netty-buffer-4.1.112.Final.jar;C:\Users\zagsk\.m2\repository\io\netty\netty-handler\4.1.112.Final\netty-handler-4.1.112.Final.jar;C:\Users\zagsk\.m2\repository\io\netty\netty-transport-native-unix-common\4.1.112.Final\netty-transport-native-unix-common-4.1.112.Final.jar;C:\Users\zagsk\.m2\repository\io\netty\netty-transport-classes-epoll\4.1.112.Final\netty-transport-classes-epoll-4.1.112.Final.jar;C:\Users\zagsk\.m2\repository\io\netty\netty-resolver\4.1.112.Final\netty-resolver-4.1.112.Final.jar;C:\Users\zagsk\.m2\repository\org\slf4j\slf4j-api\2.1.0-alpha1\slf4j-api-2.1.0-alpha1.jar;C:\Users\zagsk\.m2\repository\org\slf4j\slf4j-simple\2.1.0-alpha1\slf4j-simple-2.1.0-alpha1.jar;C:\Users\zagsk\.m2\repository\org\openprovenance\prov\prov-explanations\2.0.3\prov-explanations-2.0.3.jar;C:\Users\zagsk\.m2\repository\org\openprovenance\prov\nlg-wrapper\2.0.3\nlg-wrapper-2.0.3.jar;C:\Users\zagsk\.m2\repository\uk\ac\abdn\SimpleNLG\4.4.8\SimpleNLG-4.4.8.jar;C:\Users\zagsk\.m2\repository\com\fasterxml\jackson\dataformat\jackson-dataformat-xml\2.15.2\jackson-dataformat-xml-2.15.2.jar;C:\Users\zagsk\.m2\repository\org\codehaus\woodstox\stax2-api\4.2.1\stax2-api-4.2.1.jar;C:\Users\zagsk\.m2\repository\com\fasterxml\woodstox\woodstox-core\6.5.1\woodstox-core-6.5.1.jar;C:\Users\zagsk\.m2\repository\org\scala-lang\scala-library\2.13.12\scala-library-2.13.12.jar;C:\Users\zagsk\.m2\repository\com\fasterxml\jackson\core\jackson-databind\2.15.2\jackson-databind-2.15.2.jar;C:\Users\zagsk\.m2\repository\com\fasterxml\jackson\core\jackson-annotations\2.15.2\jackson-annotations-2.15.2.jar;C:\Users\zagsk\.m2\repository\com\fasterxml\jackson\core\jackson-core\2.15.2\jackson-core-2.15.2.jar;C:\Users\zagsk\.m2\repository\com\fasterxml\jackson\module\jackson-module-scala_2.13\2.15.2\jackson-module-scala_2.13-2.15.2.jar;C:\Users\zagsk\.m2\repository\com\thoughtworks\paranamer\paranamer\2.8\paranamer-2.8.jar;C:\Users\zagsk\.m2\repository\gov\nih\nlm\nls\lexaccess\lexaccess-dist\2013\lexaccess-dist-2013.jar;C:\Users\zagsk\.m2\repository\org\openprovenance\prov\prov-query\2.0.3\prov-query-2.0.3.jar;C:\Users\zagsk\.m2\repository\org\openprovenance\prov\prov-scala-misc\2.0.3\prov-scala-misc-2.0.3.jar;C:\Users\zagsk\.m2\repository\org\openprovenance\prov\prov-model-scala\2.0.3\prov-model-scala-2.0.3.jar;C:\Users\zagsk\.m2\repository\org\openprovenance\prov\nlg-spec-transformer\2.0.3\nlg-spec-transformer-2.0.3.jar;C:\Users\zagsk\.m2\repository\org\openprovenance\prov\prov-model\2.0.3\prov-model-2.0.3.jar;C:\Users\zagsk\.m2\repository\org\apache\commons\commons-lang3\3.9\commons-lang3-3.9.jar;C:\Users\zagsk\.m2\repository\org\apache\commons\commons-collections4\4.4\commons-collections4-4.4.jar;C:\Users\zagsk\.m2\repository\commons-io\commons-io\2.8.0\commons-io-2.8.0.jar;C:\Users\zagsk\.m2\repository\jakarta\xml\bind\jakarta.xml.bind-api\4.0.0\jakarta.xml.bind-api-4.0.0.jar;C:\Users\zagsk\.m2\repository\jakarta\activation\jakarta.activation-api\2.1.0\jakarta.activation-api-2.1.0.jar;C:\Users\zagsk\.m2\repository\org\openprovenance\prov\prov-validation\2.0.3\prov-validation-2.0.3.jar;C:\Users\zagsk\.m2\repository\com\googlecode\matrix-toolkits-java\mtj\0.9.14\mtj-0.9.14.jar;C:\Users\zagsk\.m2\repository\com\googlecode\netlib-java\netlib-java\0.9.3\netlib-java-0.9.3.jar;C:\Users\zagsk\.m2\repository\net\sourceforge\f2j\arpack_combined_all\0.1\arpack_combined_all-0.1.jar;C:\Users\zagsk\.m2\repository\org\openprovenance\prov\prov-jsonld\2.0.3\prov-jsonld-2.0.3.jar;C:\Users\zagsk\.m2\repository\org\openprovenance\prov\prov-nf\2.0.3\prov-nf-2.0.3.jar;C:\Users\zagsk\.m2\repository\com\fasterxml\jackson\module\jackson-module-jakarta-xmlbind-annotations\2.15.2\jackson-module-jakarta-xmlbind-annotations-2.15.2.jar;C:\Users\zagsk\.m2\repository\org\openprovenance\prov\prov-summarisation\2.0.3\prov-summarisation-2.0.3.jar;C:\Users\zagsk\.m2\repository\org\scala-lang\modules\scala-parallel-collections_2.13\1.0.4\scala-parallel-collections_2.13-1.0.4.jar;C:\Users\zagsk\.m2\repository\org\scala-lang\modules\scala-parser-combinators_2.13\1.1.2\scala-parser-combinators_2.13-1.1.2.jar;C:\Users\zagsk\.m2\repository\org\parboiled\parboiled_2.13\2.5.0\parboiled_2.13-2.5.0.jar;C:\Users\zagsk\.m2\repository\org\apache\httpcomponents\httpclient\4.5.14\httpclient-4.5.14.jar;C:\Users\zagsk\.m2\repository\commons-logging\commons-logging\1.2\commons-logging-1.2.jar;C:\Users\zagsk\.m2\repository\org\apache\logging\log4j\log4j-core\2.20.0\log4j-core-2.20.0.jar;C:\Users\zagsk\.m2\repository\org\apache\logging\log4j\log4j-api\2.20.0\log4j-api-2.20.0.jar;C:\Users\zagsk\.m2\repository\com\googlecode\json-simple\json-simple\1.1.1\json-simple-1.1.1.jar;C:\Users\zagsk\.m2\repository\junit\junit\4.10\junit-4.10.jar;C:\Users\zagsk\.m2\repository\org\hamcrest\hamcrest-core\1.1\hamcrest-core-1.1.jar;"/>
    <property name="java.vm.vendor" value="Oracle Corporation"/>
    <property name="sun.arch.data.model" value="64"/>
    <property name="user.variant" value=""/>
    <property name="java.vendor.url" value="https://java.oracle.com/"/>
    <property name="user.timezone" value="America/New_York"/>
    <property name="os.name" value="Windows 11"/>
    <property name="java.vm.specification.version" value="23"/>
    <property name="user.country" value="US"/>
    <property name="sun.java.launcher" value="SUN_STANDARD"/>
    <property name="sun.boot.library.path" value="C:\Program Files\Java\jdk-23\bin"/>
    <property name="sun.java.command" value="C:\Users\zagsk\AppData\Local\Temp\surefire7991766343534161683\surefirebooter-20241104003219808_3.jar C:\Users\zagsk\AppData\Local\Temp\surefire7991766343534161683 2024-11-04T00-32-19_621-jvmRun1 surefire-20241104003219808_1tmp surefire_0-20241104003219808_2tmp"/>
    <property name="jdk.debug" value="release"/>
    <property name="test" value="FacadeForGameTest"/>
    <property name="surefire.test.class.path" value="C:\Users\zagsk\Documents\Language-Learning-App\application\target\test-classes;C:\Users\zagsk\Documents\Language-Learning-App\application\target\classes;C:\Users\zagsk\.m2\repository\org\junit\jupiter\junit-jupiter\5.8.2\junit-jupiter-5.8.2.jar;C:\Users\zagsk\.m2\repository\org\junit\jupiter\junit-jupiter-api\5.8.2\junit-jupiter-api-5.8.2.jar;C:\Users\zagsk\.m2\repository\org\opentest4j\opentest4j\1.2.0\opentest4j-1.2.0.jar;C:\Users\zagsk\.m2\repository\org\junit\platform\junit-platform-commons\1.8.2\junit-platform-commons-1.8.2.jar;C:\Users\zagsk\.m2\repository\org\apiguardian\apiguardian-api\1.1.2\apiguardian-api-1.1.2.jar;C:\Users\zagsk\.m2\repository\org\junit\jupiter\junit-jupiter-params\5.8.2\junit-jupiter-params-5.8.2.jar;C:\Users\zagsk\.m2\repository\org\junit\jupiter\junit-jupiter-engine\5.8.2\junit-jupiter-engine-5.8.2.jar;C:\Users\zagsk\.m2\repository\org\junit\platform\junit-platform-engine\1.8.2\junit-platform-engine-1.8.2.jar;C:\Users\zagsk\.m2\repository\javazoom\jlayer\1.0.1\jlayer-1.0.1.jar;C:\Users\zagsk\.m2\repository\software\amazon\awssdk\polly\2.27.3\polly-2.27.3.jar;C:\Users\zagsk\.m2\repository\software\amazon\awssdk\aws-json-protocol\2.27.3\aws-json-protocol-2.27.3.jar;C:\Users\zagsk\.m2\repository\software\amazon\awssdk\third-party-jackson-core\2.27.3\third-party-jackson-core-2.27.3.jar;C:\Users\zagsk\.m2\repository\software\amazon\awssdk\protocol-core\2.27.3\protocol-core-2.27.3.jar;C:\Users\zagsk\.m2\repository\software\amazon\awssdk\profiles\2.27.3\profiles-2.27.3.jar;C:\Users\zagsk\.m2\repository\software\amazon\awssdk\http-auth-aws\2.27.3\http-auth-aws-2.27.3.jar;C:\Users\zagsk\.m2\repository\software\amazon\awssdk\checksums-spi\2.27.3\checksums-spi-2.27.3.jar;C:\Users\zagsk\.m2\repository\software\amazon\awssdk\checksums\2.27.3\checksums-2.27.3.jar;C:\Users\zagsk\.m2\repository\software\amazon\awssdk\sdk-core\2.27.3\sdk-core-2.27.3.jar;C:\Users\zagsk\.m2\repository\software\amazon\awssdk\retries\2.27.3\retries-2.27.3.jar;C:\Users\zagsk\.m2\repository\org\reactivestreams\reactive-streams\1.0.4\reactive-streams-1.0.4.jar;C:\Users\zagsk\.m2\repository\software\amazon\awssdk\auth\2.27.3\auth-2.27.3.jar;C:\Users\zagsk\.m2\repository\software\amazon\awssdk\http-auth-aws-eventstream\2.27.3\http-auth-aws-eventstream-2.27.3.jar;C:\Users\zagsk\.m2\repository\software\amazon\eventstream\eventstream\1.0.1\eventstream-1.0.1.jar;C:\Users\zagsk\.m2\repository\software\amazon\awssdk\http-auth-spi\2.27.3\http-auth-spi-2.27.3.jar;C:\Users\zagsk\.m2\repository\software\amazon\awssdk\http-auth\2.27.3\http-auth-2.27.3.jar;C:\Users\zagsk\.m2\repository\software\amazon\awssdk\identity-spi\2.27.3\identity-spi-2.27.3.jar;C:\Users\zagsk\.m2\repository\software\amazon\awssdk\http-client-spi\2.27.3\http-client-spi-2.27.3.jar;C:\Users\zagsk\.m2\repository\software\amazon\awssdk\regions\2.27.3\regions-2.27.3.jar;C:\Users\zagsk\.m2\repository\software\amazon\awssdk\annotations\2.27.3\annotations-2.27.3.jar;C:\Users\zagsk\.m2\repository\software\amazon\awssdk\utils\2.27.3\utils-2.27.3.jar;C:\Users\zagsk\.m2\repository\software\amazon\awssdk\aws-core\2.27.3\aws-core-2.27.3.jar;C:\Users\zagsk\.m2\repository\software\amazon\awssdk\metrics-spi\2.27.3\metrics-spi-2.27.3.jar;C:\Users\zagsk\.m2\repository\software\amazon\awssdk\json-utils\2.27.3\json-utils-2.27.3.jar;C:\Users\zagsk\.m2\repository\software\amazon\awssdk\endpoints-spi\2.27.3\endpoints-spi-2.27.3.jar;C:\Users\zagsk\.m2\repository\software\amazon\awssdk\retries-spi\2.27.3\retries-spi-2.27.3.jar;C:\Users\zagsk\.m2\repository\software\amazon\awssdk\apache-client\2.27.3\apache-client-2.27.3.jar;C:\Users\zagsk\.m2\repository\org\apache\httpcomponents\httpcore\4.4.16\httpcore-4.4.16.jar;C:\Users\zagsk\.m2\repository\commons-codec\commons-codec\1.17.1\commons-codec-1.17.1.jar;C:\Users\zagsk\.m2\repository\software\amazon\awssdk\netty-nio-client\2.27.3\netty-nio-client-2.27.3.jar;C:\Users\zagsk\.m2\repository\io\netty\netty-codec-http\4.1.112.Final\netty-codec-http-4.1.112.Final.jar;C:\Users\zagsk\.m2\repository\io\netty\netty-codec-http2\4.1.112.Final\netty-codec-http2-4.1.112.Final.jar;C:\Users\zagsk\.m2\repository\io\netty\netty-codec\4.1.112.Final\netty-codec-4.1.112.Final.jar;C:\Users\zagsk\.m2\repository\io\netty\netty-transport\4.1.112.Final\netty-transport-4.1.112.Final.jar;C:\Users\zagsk\.m2\repository\io\netty\netty-common\4.1.112.Final\netty-common-4.1.112.Final.jar;C:\Users\zagsk\.m2\repository\io\netty\netty-buffer\4.1.112.Final\netty-buffer-4.1.112.Final.jar;C:\Users\zagsk\.m2\repository\io\netty\netty-handler\4.1.112.Final\netty-handler-4.1.112.Final.jar;C:\Users\zagsk\.m2\repository\io\netty\netty-transport-native-unix-common\4.1.112.Final\netty-transport-native-unix-common-4.1.112.Final.jar;C:\Users\zagsk\.m2\repository\io\netty\netty-transport-classes-epoll\4.1.112.Final\netty-transport-classes-epoll-4.1.112.Final.jar;C:\Users\zagsk\.m2\repository\io\netty\netty-resolver\4.1.112.Final\netty-resolver-4.1.112.Final.jar;C:\Users\zagsk\.m2\repository\org\slf4j\slf4j-api\2.1.0-alpha1\slf4j-api-2.1.0-alpha1.jar;C:\Users\zagsk\.m2\repository\org\slf4j\slf4j-simple\2.1.0-alpha1\slf4j-simple-2.1.0-alpha1.jar;C:\Users\zagsk\.m2\repository\org\openprovenance\prov\prov-explanations\2.0.3\prov-explanations-2.0.3.jar;C:\Users\zagsk\.m2\repository\org\openprovenance\prov\nlg-wrapper\2.0.3\nlg-wrapper-2.0.3.jar;C:\Users\zagsk\.m2\repository\uk\ac\abdn\SimpleNLG\4.4.8\SimpleNLG-4.4.8.jar;C:\Users\zagsk\.m2\repository\com\fasterxml\jackson\dataformat\jackson-dataformat-xml\2.15.2\jackson-dataformat-xml-2.15.2.jar;C:\Users\zagsk\.m2\repository\org\codehaus\woodstox\stax2-api\4.2.1\stax2-api-4.2.1.jar;C:\Users\zagsk\.m2\repository\com\fasterxml\woodstox\woodstox-core\6.5.1\woodstox-core-6.5.1.jar;C:\Users\zagsk\.m2\repository\org\scala-lang\scala-library\2.13.12\scala-library-2.13.12.jar;C:\Users\zagsk\.m2\repository\com\fasterxml\jackson\core\jackson-databind\2.15.2\jackson-databind-2.15.2.jar;C:\Users\zagsk\.m2\repository\com\fasterxml\jackson\core\jackson-annotations\2.15.2\jackson-annotations-2.15.2.jar;C:\Users\zagsk\.m2\repository\com\fasterxml\jackson\core\jackson-core\2.15.2\jackson-core-2.15.2.jar;C:\Users\zagsk\.m2\repository\com\fasterxml\jackson\module\jackson-module-scala_2.13\2.15.2\jackson-module-scala_2.13-2.15.2.jar;C:\Users\zagsk\.m2\repository\com\thoughtworks\paranamer\paranamer\2.8\paranamer-2.8.jar;C:\Users\zagsk\.m2\repository\gov\nih\nlm\nls\lexaccess\lexaccess-dist\2013\lexaccess-dist-2013.jar;C:\Users\zagsk\.m2\repository\org\openprovenance\prov\prov-query\2.0.3\prov-query-2.0.3.jar;C:\Users\zagsk\.m2\repository\org\openprovenance\prov\prov-scala-misc\2.0.3\prov-scala-misc-2.0.3.jar;C:\Users\zagsk\.m2\repository\org\openprovenance\prov\prov-model-scala\2.0.3\prov-model-scala-2.0.3.jar;C:\Users\zagsk\.m2\repository\org\openprovenance\prov\nlg-spec-transformer\2.0.3\nlg-spec-transformer-2.0.3.jar;C:\Users\zagsk\.m2\repository\org\openprovenance\prov\prov-model\2.0.3\prov-model-2.0.3.jar;C:\Users\zagsk\.m2\repository\org\apache\commons\commons-lang3\3.9\commons-lang3-3.9.jar;C:\Users\zagsk\.m2\repository\org\apache\commons\commons-collections4\4.4\commons-collections4-4.4.jar;C:\Users\zagsk\.m2\repository\commons-io\commons-io\2.8.0\commons-io-2.8.0.jar;C:\Users\zagsk\.m2\repository\jakarta\xml\bind\jakarta.xml.bind-api\4.0.0\jakarta.xml.bind-api-4.0.0.jar;C:\Users\zagsk\.m2\repository\jakarta\activation\jakarta.activation-api\2.1.0\jakarta.activation-api-2.1.0.jar;C:\Users\zagsk\.m2\repository\org\openprovenance\prov\prov-validation\2.0.3\prov-validation-2.0.3.jar;C:\Users\zagsk\.m2\repository\com\googlecode\matrix-toolkits-java\mtj\0.9.14\mtj-0.9.14.jar;C:\Users\zagsk\.m2\repository\com\googlecode\netlib-java\netlib-java\0.9.3\netlib-java-0.9.3.jar;C:\Users\zagsk\.m2\repository\net\sourceforge\f2j\arpack_combined_all\0.1\arpack_combined_all-0.1.jar;C:\Users\zagsk\.m2\repository\org\openprovenance\prov\prov-jsonld\2.0.3\prov-jsonld-2.0.3.jar;C:\Users\zagsk\.m2\repository\org\openprovenance\prov\prov-nf\2.0.3\prov-nf-2.0.3.jar;C:\Users\zagsk\.m2\repository\com\fasterxml\jackson\module\jackson-module-jakarta-xmlbind-annotations\2.15.2\jackson-module-jakarta-xmlbind-annotations-2.15.2.jar;C:\Users\zagsk\.m2\repository\org\openprovenance\prov\prov-summarisation\2.0.3\prov-summarisation-2.0.3.jar;C:\Users\zagsk\.m2\repository\org\scala-lang\modules\scala-parallel-collections_2.13\1.0.4\scala-parallel-collections_2.13-1.0.4.jar;C:\Users\zagsk\.m2\repository\org\scala-lang\modules\scala-parser-combinators_2.13\1.1.2\scala-parser-combinators_2.13-1.1.2.jar;C:\Users\zagsk\.m2\repository\org\parboiled\parboiled_2.13\2.5.0\parboiled_2.13-2.5.0.jar;C:\Users\zagsk\.m2\repository\org\apache\httpcomponents\httpclient\4.5.14\httpclient-4.5.14.jar;C:\Users\zagsk\.m2\repository\commons-logging\commons-logging\1.2\commons-logging-1.2.jar;C:\Users\zagsk\.m2\repository\org\apache\logging\log4j\log4j-core\2.20.0\log4j-core-2.20.0.jar;C:\Users\zagsk\.m2\repository\org\apache\logging\log4j\log4j-api\2.20.0\log4j-api-2.20.0.jar;C:\Users\zagsk\.m2\repository\com\googlecode\json-simple\json-simple\1.1.1\json-simple-1.1.1.jar;C:\Users\zagsk\.m2\repository\junit\junit\4.10\junit-4.10.jar;C:\Users\zagsk\.m2\repository\org\hamcrest\hamcrest-core\1.1\hamcrest-core-1.1.jar;"/>
    <property name="sun.cpu.endian" value="little"/>
    <property name="user.home" value="C:\Users\zagsk"/>
    <property name="user.language" value="en"/>
    <property name="java.specification.vendor" value="Oracle Corporation"/>
    <property name="java.version.date" value="2024-09-17"/>
    <property name="java.home" value="C:\Program Files\Java\jdk-23"/>
    <property name="file.separator" value="\"/>
    <property name="basedir" value="C:\Users\zagsk\Documents\Language-Learning-App\application"/>
    <property name="java.vm.compressedOopsMode" value="Zero based"/>
    <property name="line.separator" value="&#10;"/>
    <property name="java.vm.specification.vendor" value="Oracle Corporation"/>
    <property name="java.specification.name" value="Java Platform API Specification"/>
    <property name="surefire.real.class.path" value="C:\Users\zagsk\AppData\Local\Temp\surefire7991766343534161683\surefirebooter-20241104003219808_3.jar"/>
    <property name="user.script" value=""/>
    <property name="sun.management.compiler" value="HotSpot 64-Bit Tiered Compilers"/>
    <property name="java.runtime.version" value="23+37-2369"/>
    <property name="user.name" value="zagsk"/>
    <property name="stdout.encoding" value="Cp1252"/>
    <property name="path.separator" value=";"/>
    <property name="os.version" value="10.0"/>
    <property name="java.runtime.name" value="Java(TM) SE Runtime Environment"/>
    <property name="file.encoding" value="UTF-8"/>
    <property name="java.vm.name" value="Java HotSpot(TM) 64-Bit Server VM"/>
    <property name="maven.ext.class.path" value="C:\Users\zagsk\.vscode\extensions\oracle.oracle-java-23.0.0\nbcode\java\maven-nblib\netbeans-eventspy.jar"/>
    <property name="localRepository" value="C:\Users\zagsk\.m2\repository"/>
    <property name="java.vendor.url.bug" value="https://bugreport.java.com/bugreport/"/>
    <property name="java.io.tmpdir" value="C:\Users\zagsk\AppData\Local\Temp\"/>
    <property name="java.version" value="23"/>
    <property name="user.dir" value="C:\Users\zagsk\Documents\Language-Learning-App\application"/>
    <property name="os.arch" value="amd64"/>
    <property name="java.vm.specification.name" value="Java Virtual Machine Specification"/>
    <property name="sun.os.patch.level" value=""/>
    <property name="native.encoding" value="Cp1252"/>
    <property name="java.library.path" value="C:\Program Files\Java\jdk-23\bin;C:\WINDOWS\Sun\Java\bin;C:\WINDOWS\system32;C:\WINDOWS;C:\Program Files\Common Files\Oracle\Java\javapath;C:\WINDOWS\system32;C:\WINDOWS;C:\WINDOWS\System32\Wbem;C:\WINDOWS\System32\WindowsPowerShell\v1.0\;C:\WINDOWS\System32\OpenSSH\;C:\Program Files\dotnet\;C:\Program Files\Git\cmd;C:\ProgramData\chocolatey\bin;C:\Program Files\Amazon\AWSCLIV2\;C:\Users\zagsk\AppData\Local\Microsoft\WindowsApps;C:\Users\zagsk\AppData\Local\GitHubDesktop\bin;C:\msys64\ucrt64\bin;C:\Users\zagsk\AppData\Local\Programs\Microsoft VS Code\bin;C:\Program Files\Java\jdk-23\bin;C:\Program Files\apache-maven-3.9.9\bin;;."/>
    <property name="java.vm.info" value="mixed mode, sharing"/>
    <property name="stderr.encoding" value="Cp1252"/>
    <property name="java.vendor" value="Oracle Corporation"/>
    <property name="java.vm.version" value="23+37-2369"/>
    <property name="sun.io.unicode.encoding" value="UnicodeLittle"/>
    <property name="java.class.version" value="67.0"/>
  </properties>
  <testcase name="testNextTextObjectAtEnd" classname="FacadeForGameTest" time="0.133"/>
  <testcase name="testStartQuiz" classname="FacadeForGameTest" time="0.01"/>
  <testcase name="testGetNextQuizQuestion" classname="FacadeForGameTest" time="0.003"/>
  <testcase name="testNextTextObject" classname="FacadeForGameTest" time="0.003"/>
  <testcase name="testShowCurrentTextObject" classname="FacadeForGameTest" time="0.001"/>
  <testcase name="testPreviousTextObjectAtBeginning" classname="FacadeForGameTest" time="0.003"/>
  <testcase name="testValidateQuizAnswer" classname="FacadeForGameTest" time="0.005">
    <failure message="expected: &lt;true&gt; but was: &lt;false&gt;" type="org.opentest4j.AssertionFailedError"><![CDATA[org.opentest4j.AssertionFailedError: expected: <true> but was: <false>
	at org.junit.jupiter.api.AssertionUtils.fail(AssertionUtils.java:55)
	at org.junit.jupiter.api.AssertTrue.assertTrue(AssertTrue.java:40)
	at org.junit.jupiter.api.AssertTrue.assertTrue(AssertTrue.java:35)
	at org.junit.jupiter.api.Assertions.assertTrue(Assertions.java:179)
	at FacadeForGameTest.testValidateQuizAnswer(FacadeForGameTest.java:147)
	at java.base/jdk.internal.reflect.DirectMethodHandleAccessor.invoke(DirectMethodHandleAccessor.java:103)
	at java.base/java.lang.reflect.Method.invoke(Method.java:580)
	at org.junit.platform.commons.util.ReflectionUtils.invokeMethod(ReflectionUtils.java:725)
	at org.junit.jupiter.engine.execution.MethodInvocation.proceed(MethodInvocation.java:60)
	at org.junit.jupiter.engine.execution.InvocationInterceptorChain$ValidatingInvocation.proceed(InvocationInterceptorChain.java:131)
	at org.junit.jupiter.engine.extension.TimeoutExtension.intercept(TimeoutExtension.java:149)
	at org.junit.jupiter.engine.extension.TimeoutExtension.interceptTestableMethod(TimeoutExtension.java:140)
	at org.junit.jupiter.engine.extension.TimeoutExtension.interceptTestMethod(TimeoutExtension.java:84)
	at org.junit.jupiter.engine.execution.ExecutableInvoker$ReflectiveInterceptorCall.lambda$ofVoidMethod$0(ExecutableInvoker.java:115)
	at org.junit.jupiter.engine.execution.ExecutableInvoker.lambda$invoke$0(ExecutableInvoker.java:105)
	at org.junit.jupiter.engine.execution.InvocationInterceptorChain$InterceptedInvocation.proceed(InvocationInterceptorChain.java:106)
	at org.junit.jupiter.engine.execution.InvocationInterceptorChain.proceed(InvocationInterceptorChain.java:64)
	at org.junit.jupiter.engine.execution.InvocationInterceptorChain.chainAndInvoke(InvocationInterceptorChain.java:45)
	at org.junit.jupiter.engine.execution.InvocationInterceptorChain.invoke(InvocationInterceptorChain.java:37)
	at org.junit.jupiter.engine.execution.ExecutableInvoker.invoke(ExecutableInvoker.java:104)
	at org.junit.jupiter.engine.execution.ExecutableInvoker.invoke(ExecutableInvoker.java:98)
	at org.junit.jupiter.engine.descriptor.TestMethodTestDescriptor.lambda$invokeTestMethod$7(TestMethodTestDescriptor.java:214)
	at org.junit.platform.engine.support.hierarchical.ThrowableCollector.execute(ThrowableCollector.java:73)
	at org.junit.jupiter.engine.descriptor.TestMethodTestDescriptor.invokeTestMethod(TestMethodTestDescriptor.java:210)
	at org.junit.jupiter.engine.descriptor.TestMethodTestDescriptor.execute(TestMethodTestDescriptor.java:135)
	at org.junit.jupiter.engine.descriptor.TestMethodTestDescriptor.execute(TestMethodTestDescriptor.java:66)
	at org.junit.platform.engine.support.hierarchical.NodeTestTask.lambda$executeRecursively$6(NodeTestTask.java:151)
	at org.junit.platform.engine.support.hierarchical.ThrowableCollector.execute(ThrowableCollector.java:73)
	at org.junit.platform.engine.support.hierarchical.NodeTestTask.lambda$executeRecursively$8(NodeTestTask.java:141)
	at org.junit.platform.engine.support.hierarchical.Node.around(Node.java:137)
	at org.junit.platform.engine.support.hierarchical.NodeTestTask.lambda$executeRecursively$9(NodeTestTask.java:139)
	at org.junit.platform.engine.support.hierarchical.ThrowableCollector.execute(ThrowableCollector.java:73)
	at org.junit.platform.engine.support.hierarchical.NodeTestTask.executeRecursively(NodeTestTask.java:138)
	at org.junit.platform.engine.support.hierarchical.NodeTestTask.execute(NodeTestTask.java:95)
	at java.base/java.util.ArrayList.forEach(ArrayList.java:1597)
	at org.junit.platform.engine.support.hierarchical.SameThreadHierarchicalTestExecutorService.invokeAll(SameThreadHierarchicalTestExecutorService.java:41)
	at org.junit.platform.engine.support.hierarchical.NodeTestTask.lambda$executeRecursively$6(NodeTestTask.java:155)
	at org.junit.platform.engine.support.hierarchical.ThrowableCollector.execute(ThrowableCollector.java:73)
	at org.junit.platform.engine.support.hierarchical.NodeTestTask.lambda$executeRecursively$8(NodeTestTask.java:141)
	at org.junit.platform.engine.support.hierarchical.Node.around(Node.java:137)
	at org.junit.platform.engine.support.hierarchical.NodeTestTask.lambda$executeRecursively$9(NodeTestTask.java:139)
	at org.junit.platform.engine.support.hierarchical.ThrowableCollector.execute(ThrowableCollector.java:73)
	at org.junit.platform.engine.support.hierarchical.NodeTestTask.executeRecursively(NodeTestTask.java:138)
	at org.junit.platform.engine.support.hierarchical.NodeTestTask.execute(NodeTestTask.java:95)
	at java.base/java.util.ArrayList.forEach(ArrayList.java:1597)
	at org.junit.platform.engine.support.hierarchical.SameThreadHierarchicalTestExecutorService.invokeAll(SameThreadHierarchicalTestExecutorService.java:41)
	at org.junit.platform.engine.support.hierarchical.NodeTestTask.lambda$executeRecursively$6(NodeTestTask.java:155)
	at org.junit.platform.engine.support.hierarchical.ThrowableCollector.execute(ThrowableCollector.java:73)
	at org.junit.platform.engine.support.hierarchical.NodeTestTask.lambda$executeRecursively$8(NodeTestTask.java:141)
	at org.junit.platform.engine.support.hierarchical.Node.around(Node.java:137)
	at org.junit.platform.engine.support.hierarchical.NodeTestTask.lambda$executeRecursively$9(NodeTestTask.java:139)
	at org.junit.platform.engine.support.hierarchical.ThrowableCollector.execute(ThrowableCollector.java:73)
	at org.junit.platform.engine.support.hierarchical.NodeTestTask.executeRecursively(NodeTestTask.java:138)
	at org.junit.platform.engine.support.hierarchical.NodeTestTask.execute(NodeTestTask.java:95)
	at org.junit.platform.engine.support.hierarchical.SameThreadHierarchicalTestExecutorService.submit(SameThreadHierarchicalTestExecutorService.java:35)
	at org.junit.platform.engine.support.hierarchical.HierarchicalTestExecutor.execute(HierarchicalTestExecutor.java:57)
	at org.junit.platform.engine.support.hierarchical.HierarchicalTestEngine.execute(HierarchicalTestEngine.java:54)
	at org.junit.platform.launcher.core.EngineExecutionOrchestrator.execute(EngineExecutionOrchestrator.java:107)
	at org.junit.platform.launcher.core.EngineExecutionOrchestrator.execute(EngineExecutionOrchestrator.java:88)
	at org.junit.platform.launcher.core.EngineExecutionOrchestrator.lambda$execute$0(EngineExecutionOrchestrator.java:54)
	at org.junit.platform.launcher.core.EngineExecutionOrchestrator.withInterceptedStreams(EngineExecutionOrchestrator.java:67)
	at org.junit.platform.launcher.core.EngineExecutionOrchestrator.execute(EngineExecutionOrchestrator.java:52)
	at org.junit.platform.launcher.core.DefaultLauncher.execute(DefaultLauncher.java:114)
	at org.junit.platform.launcher.core.DefaultLauncher.execute(DefaultLauncher.java:86)
	at org.junit.platform.launcher.core.DefaultLauncherSession$DelegatingLauncher.execute(DefaultLauncherSession.java:86)
	at org.apache.maven.surefire.junitplatform.LazyLauncher.execute(LazyLauncher.java:56)
	at org.apache.maven.surefire.junitplatform.JUnitPlatformProvider.execute(JUnitPlatformProvider.java:184)
	at org.apache.maven.surefire.junitplatform.JUnitPlatformProvider.invokeAllTests(JUnitPlatformProvider.java:148)
	at org.apache.maven.surefire.junitplatform.JUnitPlatformProvider.invoke(JUnitPlatformProvider.java:122)
	at org.apache.maven.surefire.booter.ForkedBooter.runSuitesInProcess(ForkedBooter.java:385)
	at org.apache.maven.surefire.booter.ForkedBooter.execute(ForkedBooter.java:162)
	at org.apache.maven.surefire.booter.ForkedBooter.run(ForkedBooter.java:507)
	at org.apache.maven.surefire.booter.ForkedBooter.main(ForkedBooter.java:495)
]]></failure>
  </testcase>
  <testcase name="testEndGameSession" classname="FacadeForGameTest" time="0.003">
    <error message="Cannot invoke &quot;java.util.UUID.equals(Object)&quot; because the return value of &quot;com.learner.game.User$ProgressTracker.getUUID()&quot; is null" type="java.lang.NullPointerException"><![CDATA[java.lang.NullPointerException: Cannot invoke "java.util.UUID.equals(Object)" because the return value of "com.learner.game.User$ProgressTracker.getUUID()" is null
	at com.learner.game.User.getProgressTracker(User.java:84)
	at com.learner.game.FacadeForGame.endGameSession(FacadeForGame.java:82)
	at FacadeForGameTest.testEndGameSession(FacadeForGameTest.java:154)
	at java.base/jdk.internal.reflect.DirectMethodHandleAccessor.invoke(DirectMethodHandleAccessor.java:103)
	at java.base/java.lang.reflect.Method.invoke(Method.java:580)
	at org.junit.platform.commons.util.ReflectionUtils.invokeMethod(ReflectionUtils.java:725)
	at org.junit.jupiter.engine.execution.MethodInvocation.proceed(MethodInvocation.java:60)
	at org.junit.jupiter.engine.execution.InvocationInterceptorChain$ValidatingInvocation.proceed(InvocationInterceptorChain.java:131)
	at org.junit.jupiter.engine.extension.TimeoutExtension.intercept(TimeoutExtension.java:149)
	at org.junit.jupiter.engine.extension.TimeoutExtension.interceptTestableMethod(TimeoutExtension.java:140)
	at org.junit.jupiter.engine.extension.TimeoutExtension.interceptTestMethod(TimeoutExtension.java:84)
	at org.junit.jupiter.engine.execution.ExecutableInvoker$ReflectiveInterceptorCall.lambda$ofVoidMethod$0(ExecutableInvoker.java:115)
	at org.junit.jupiter.engine.execution.ExecutableInvoker.lambda$invoke$0(ExecutableInvoker.java:105)
	at org.junit.jupiter.engine.execution.InvocationInterceptorChain$InterceptedInvocation.proceed(InvocationInterceptorChain.java:106)
	at org.junit.jupiter.engine.execution.InvocationInterceptorChain.proceed(InvocationInterceptorChain.java:64)
	at org.junit.jupiter.engine.execution.InvocationInterceptorChain.chainAndInvoke(InvocationInterceptorChain.java:45)
	at org.junit.jupiter.engine.execution.InvocationInterceptorChain.invoke(InvocationInterceptorChain.java:37)
	at org.junit.jupiter.engine.execution.ExecutableInvoker.invoke(ExecutableInvoker.java:104)
	at org.junit.jupiter.engine.execution.ExecutableInvoker.invoke(ExecutableInvoker.java:98)
	at org.junit.jupiter.engine.descriptor.TestMethodTestDescriptor.lambda$invokeTestMethod$7(TestMethodTestDescriptor.java:214)
	at org.junit.platform.engine.support.hierarchical.ThrowableCollector.execute(ThrowableCollector.java:73)
	at org.junit.jupiter.engine.descriptor.TestMethodTestDescriptor.invokeTestMethod(TestMethodTestDescriptor.java:210)
	at org.junit.jupiter.engine.descriptor.TestMethodTestDescriptor.execute(TestMethodTestDescriptor.java:135)
	at org.junit.jupiter.engine.descriptor.TestMethodTestDescriptor.execute(TestMethodTestDescriptor.java:66)
	at org.junit.platform.engine.support.hierarchical.NodeTestTask.lambda$executeRecursively$6(NodeTestTask.java:151)
	at org.junit.platform.engine.support.hierarchical.ThrowableCollector.execute(ThrowableCollector.java:73)
	at org.junit.platform.engine.support.hierarchical.NodeTestTask.lambda$executeRecursively$8(NodeTestTask.java:141)
	at org.junit.platform.engine.support.hierarchical.Node.around(Node.java:137)
	at org.junit.platform.engine.support.hierarchical.NodeTestTask.lambda$executeRecursively$9(NodeTestTask.java:139)
	at org.junit.platform.engine.support.hierarchical.ThrowableCollector.execute(ThrowableCollector.java:73)
	at org.junit.platform.engine.support.hierarchical.NodeTestTask.executeRecursively(NodeTestTask.java:138)
	at org.junit.platform.engine.support.hierarchical.NodeTestTask.execute(NodeTestTask.java:95)
	at java.base/java.util.ArrayList.forEach(ArrayList.java:1597)
	at org.junit.platform.engine.support.hierarchical.SameThreadHierarchicalTestExecutorService.invokeAll(SameThreadHierarchicalTestExecutorService.java:41)
	at org.junit.platform.engine.support.hierarchical.NodeTestTask.lambda$executeRecursively$6(NodeTestTask.java:155)
	at org.junit.platform.engine.support.hierarchical.ThrowableCollector.execute(ThrowableCollector.java:73)
	at org.junit.platform.engine.support.hierarchical.NodeTestTask.lambda$executeRecursively$8(NodeTestTask.java:141)
	at org.junit.platform.engine.support.hierarchical.Node.around(Node.java:137)
	at org.junit.platform.engine.support.hierarchical.NodeTestTask.lambda$executeRecursively$9(NodeTestTask.java:139)
	at org.junit.platform.engine.support.hierarchical.ThrowableCollector.execute(ThrowableCollector.java:73)
	at org.junit.platform.engine.support.hierarchical.NodeTestTask.executeRecursively(NodeTestTask.java:138)
	at org.junit.platform.engine.support.hierarchical.NodeTestTask.execute(NodeTestTask.java:95)
	at java.base/java.util.ArrayList.forEach(ArrayList.java:1597)
	at org.junit.platform.engine.support.hierarchical.SameThreadHierarchicalTestExecutorService.invokeAll(SameThreadHierarchicalTestExecutorService.java:41)
	at org.junit.platform.engine.support.hierarchical.NodeTestTask.lambda$executeRecursively$6(NodeTestTask.java:155)
	at org.junit.platform.engine.support.hierarchical.ThrowableCollector.execute(ThrowableCollector.java:73)
	at org.junit.platform.engine.support.hierarchical.NodeTestTask.lambda$executeRecursively$8(NodeTestTask.java:141)
	at org.junit.platform.engine.support.hierarchical.Node.around(Node.java:137)
	at org.junit.platform.engine.support.hierarchical.NodeTestTask.lambda$executeRecursively$9(NodeTestTask.java:139)
	at org.junit.platform.engine.support.hierarchical.ThrowableCollector.execute(ThrowableCollector.java:73)
	at org.junit.platform.engine.support.hierarchical.NodeTestTask.executeRecursively(NodeTestTask.java:138)
	at org.junit.platform.engine.support.hierarchical.NodeTestTask.execute(NodeTestTask.java:95)
	at org.junit.platform.engine.support.hierarchical.SameThreadHierarchicalTestExecutorService.submit(SameThreadHierarchicalTestExecutorService.java:35)
	at org.junit.platform.engine.support.hierarchical.HierarchicalTestExecutor.execute(HierarchicalTestExecutor.java:57)
	at org.junit.platform.engine.support.hierarchical.HierarchicalTestEngine.execute(HierarchicalTestEngine.java:54)
	at org.junit.platform.launcher.core.EngineExecutionOrchestrator.execute(EngineExecutionOrchestrator.java:107)
	at org.junit.platform.launcher.core.EngineExecutionOrchestrator.execute(EngineExecutionOrchestrator.java:88)
	at org.junit.platform.launcher.core.EngineExecutionOrchestrator.lambda$execute$0(EngineExecutionOrchestrator.java:54)
	at org.junit.platform.launcher.core.EngineExecutionOrchestrator.withInterceptedStreams(EngineExecutionOrchestrator.java:67)
	at org.junit.platform.launcher.core.EngineExecutionOrchestrator.execute(EngineExecutionOrchestrator.java:52)
	at org.junit.platform.launcher.core.DefaultLauncher.execute(DefaultLauncher.java:114)
	at org.junit.platform.launcher.core.DefaultLauncher.execute(DefaultLauncher.java:86)
	at org.junit.platform.launcher.core.DefaultLauncherSession$DelegatingLauncher.execute(DefaultLauncherSession.java:86)
	at org.apache.maven.surefire.junitplatform.LazyLauncher.execute(LazyLauncher.java:56)
	at org.apache.maven.surefire.junitplatform.JUnitPlatformProvider.execute(JUnitPlatformProvider.java:184)
	at org.apache.maven.surefire.junitplatform.JUnitPlatformProvider.invokeAllTests(JUnitPlatformProvider.java:148)
	at org.apache.maven.surefire.junitplatform.JUnitPlatformProvider.invoke(JUnitPlatformProvider.java:122)
	at org.apache.maven.surefire.booter.ForkedBooter.runSuitesInProcess(ForkedBooter.java:385)
	at org.apache.maven.surefire.booter.ForkedBooter.execute(ForkedBooter.java:162)
	at org.apache.maven.surefire.booter.ForkedBooter.run(ForkedBooter.java:507)
	at org.apache.maven.surefire.booter.ForkedBooter.main(ForkedBooter.java:495)
]]></error>
  </testcase>
  <testcase name="testPreviousTextObject" classname="FacadeForGameTest" time="0.005"/>
  <testcase name="testSelectGame" classname="FacadeForGameTest" time="0.002"/>
</testsuite>