<?xml version="1.0" encoding="UTF-8"?>
<testsuite xmlns:xsi="http://www.w3.org/2001/XMLSchema-instance" xsi:noNamespaceSchemaLocation="https://maven.apache.org/surefire/maven-surefire-plugin/xsd/surefire-test-report-3.0.xsd" version="3.0" name="ProgressTrackerTest" time="0.071" tests="2" errors="2" skipped="0" failures="0">
  <properties>
    <property name="java.specification.version" value="21"/>
    <property name="sun.cpu.isalist" value="amd64"/>
    <property name="sun.jnu.encoding" value="Cp1252"/>
    <property name="java.class.path" value="C:\Users\mauho\Language-Learning-App\application\target\test-classes;C:\Users\mauho\Language-Learning-App\application\target\classes;C:\Users\mauho\.m2\repository\org\junit\jupiter\junit-jupiter\5.8.2\junit-jupiter-5.8.2.jar;C:\Users\mauho\.m2\repository\org\junit\jupiter\junit-jupiter-api\5.8.2\junit-jupiter-api-5.8.2.jar;C:\Users\mauho\.m2\repository\org\opentest4j\opentest4j\1.2.0\opentest4j-1.2.0.jar;C:\Users\mauho\.m2\repository\org\junit\platform\junit-platform-commons\1.8.2\junit-platform-commons-1.8.2.jar;C:\Users\mauho\.m2\repository\org\apiguardian\apiguardian-api\1.1.2\apiguardian-api-1.1.2.jar;C:\Users\mauho\.m2\repository\org\junit\jupiter\junit-jupiter-params\5.8.2\junit-jupiter-params-5.8.2.jar;C:\Users\mauho\.m2\repository\org\junit\jupiter\junit-jupiter-engine\5.8.2\junit-jupiter-engine-5.8.2.jar;C:\Users\mauho\.m2\repository\org\junit\platform\junit-platform-engine\1.8.2\junit-platform-engine-1.8.2.jar;C:\Users\mauho\.m2\repository\javazoom\jlayer\1.0.1\jlayer-1.0.1.jar;C:\Users\mauho\.m2\repository\software\amazon\awssdk\polly\2.27.3\polly-2.27.3.jar;C:\Users\mauho\.m2\repository\software\amazon\awssdk\aws-json-protocol\2.27.3\aws-json-protocol-2.27.3.jar;C:\Users\mauho\.m2\repository\software\amazon\awssdk\third-party-jackson-core\2.27.3\third-party-jackson-core-2.27.3.jar;C:\Users\mauho\.m2\repository\software\amazon\awssdk\protocol-core\2.27.3\protocol-core-2.27.3.jar;C:\Users\mauho\.m2\repository\software\amazon\awssdk\profiles\2.27.3\profiles-2.27.3.jar;C:\Users\mauho\.m2\repository\software\amazon\awssdk\http-auth-aws\2.27.3\http-auth-aws-2.27.3.jar;C:\Users\mauho\.m2\repository\software\amazon\awssdk\checksums-spi\2.27.3\checksums-spi-2.27.3.jar;C:\Users\mauho\.m2\repository\software\amazon\awssdk\checksums\2.27.3\checksums-2.27.3.jar;C:\Users\mauho\.m2\repository\software\amazon\awssdk\sdk-core\2.27.3\sdk-core-2.27.3.jar;C:\Users\mauho\.m2\repository\software\amazon\awssdk\retries\2.27.3\retries-2.27.3.jar;C:\Users\mauho\.m2\repository\org\reactivestreams\reactive-streams\1.0.4\reactive-streams-1.0.4.jar;C:\Users\mauho\.m2\repository\software\amazon\awssdk\auth\2.27.3\auth-2.27.3.jar;C:\Users\mauho\.m2\repository\software\amazon\awssdk\http-auth-aws-eventstream\2.27.3\http-auth-aws-eventstream-2.27.3.jar;C:\Users\mauho\.m2\repository\software\amazon\eventstream\eventstream\1.0.1\eventstream-1.0.1.jar;C:\Users\mauho\.m2\repository\software\amazon\awssdk\http-auth-spi\2.27.3\http-auth-spi-2.27.3.jar;C:\Users\mauho\.m2\repository\software\amazon\awssdk\http-auth\2.27.3\http-auth-2.27.3.jar;C:\Users\mauho\.m2\repository\software\amazon\awssdk\identity-spi\2.27.3\identity-spi-2.27.3.jar;C:\Users\mauho\.m2\repository\software\amazon\awssdk\http-client-spi\2.27.3\http-client-spi-2.27.3.jar;C:\Users\mauho\.m2\repository\software\amazon\awssdk\regions\2.27.3\regions-2.27.3.jar;C:\Users\mauho\.m2\repository\software\amazon\awssdk\annotations\2.27.3\annotations-2.27.3.jar;C:\Users\mauho\.m2\repository\software\amazon\awssdk\utils\2.27.3\utils-2.27.3.jar;C:\Users\mauho\.m2\repository\software\amazon\awssdk\aws-core\2.27.3\aws-core-2.27.3.jar;C:\Users\mauho\.m2\repository\software\amazon\awssdk\metrics-spi\2.27.3\metrics-spi-2.27.3.jar;C:\Users\mauho\.m2\repository\software\amazon\awssdk\json-utils\2.27.3\json-utils-2.27.3.jar;C:\Users\mauho\.m2\repository\software\amazon\awssdk\endpoints-spi\2.27.3\endpoints-spi-2.27.3.jar;C:\Users\mauho\.m2\repository\software\amazon\awssdk\retries-spi\2.27.3\retries-spi-2.27.3.jar;C:\Users\mauho\.m2\repository\software\amazon\awssdk\apache-client\2.27.3\apache-client-2.27.3.jar;C:\Users\mauho\.m2\repository\org\apache\httpcomponents\httpcore\4.4.16\httpcore-4.4.16.jar;C:\Users\mauho\.m2\repository\commons-codec\commons-codec\1.17.1\commons-codec-1.17.1.jar;C:\Users\mauho\.m2\repository\software\amazon\awssdk\netty-nio-client\2.27.3\netty-nio-client-2.27.3.jar;C:\Users\mauho\.m2\repository\io\netty\netty-codec-http\4.1.112.Final\netty-codec-http-4.1.112.Final.jar;C:\Users\mauho\.m2\repository\io\netty\netty-codec-http2\4.1.112.Final\netty-codec-http2-4.1.112.Final.jar;C:\Users\mauho\.m2\repository\io\netty\netty-codec\4.1.112.Final\netty-codec-4.1.112.Final.jar;C:\Users\mauho\.m2\repository\io\netty\netty-transport\4.1.112.Final\netty-transport-4.1.112.Final.jar;C:\Users\mauho\.m2\repository\io\netty\netty-common\4.1.112.Final\netty-common-4.1.112.Final.jar;C:\Users\mauho\.m2\repository\io\netty\netty-buffer\4.1.112.Final\netty-buffer-4.1.112.Final.jar;C:\Users\mauho\.m2\repository\io\netty\netty-handler\4.1.112.Final\netty-handler-4.1.112.Final.jar;C:\Users\mauho\.m2\repository\io\netty\netty-transport-native-unix-common\4.1.112.Final\netty-transport-native-unix-common-4.1.112.Final.jar;C:\Users\mauho\.m2\repository\io\netty\netty-transport-classes-epoll\4.1.112.Final\netty-transport-classes-epoll-4.1.112.Final.jar;C:\Users\mauho\.m2\repository\io\netty\netty-resolver\4.1.112.Final\netty-resolver-4.1.112.Final.jar;C:\Users\mauho\.m2\repository\org\slf4j\slf4j-api\2.1.0-alpha1\slf4j-api-2.1.0-alpha1.jar;C:\Users\mauho\.m2\repository\org\slf4j\slf4j-simple\2.1.0-alpha1\slf4j-simple-2.1.0-alpha1.jar;C:\Users\mauho\.m2\repository\org\openprovenance\prov\prov-explanations\2.0.3\prov-explanations-2.0.3.jar;C:\Users\mauho\.m2\repository\org\openprovenance\prov\nlg-wrapper\2.0.3\nlg-wrapper-2.0.3.jar;C:\Users\mauho\.m2\repository\uk\ac\abdn\SimpleNLG\4.4.8\SimpleNLG-4.4.8.jar;C:\Users\mauho\.m2\repository\com\fasterxml\jackson\dataformat\jackson-dataformat-xml\2.15.2\jackson-dataformat-xml-2.15.2.jar;C:\Users\mauho\.m2\repository\org\codehaus\woodstox\stax2-api\4.2.1\stax2-api-4.2.1.jar;C:\Users\mauho\.m2\repository\com\fasterxml\woodstox\woodstox-core\6.5.1\woodstox-core-6.5.1.jar;C:\Users\mauho\.m2\repository\org\scala-lang\scala-library\2.13.12\scala-library-2.13.12.jar;C:\Users\mauho\.m2\repository\com\fasterxml\jackson\core\jackson-databind\2.15.2\jackson-databind-2.15.2.jar;C:\Users\mauho\.m2\repository\com\fasterxml\jackson\core\jackson-annotations\2.15.2\jackson-annotations-2.15.2.jar;C:\Users\mauho\.m2\repository\com\fasterxml\jackson\core\jackson-core\2.15.2\jackson-core-2.15.2.jar;C:\Users\mauho\.m2\repository\com\fasterxml\jackson\module\jackson-module-scala_2.13\2.15.2\jackson-module-scala_2.13-2.15.2.jar;C:\Users\mauho\.m2\repository\com\thoughtworks\paranamer\paranamer\2.8\paranamer-2.8.jar;C:\Users\mauho\.m2\repository\gov\nih\nlm\nls\lexaccess\lexaccess-dist\2013\lexaccess-dist-2013.jar;C:\Users\mauho\.m2\repository\org\openprovenance\prov\prov-query\2.0.3\prov-query-2.0.3.jar;C:\Users\mauho\.m2\repository\org\openprovenance\prov\prov-scala-misc\2.0.3\prov-scala-misc-2.0.3.jar;C:\Users\mauho\.m2\repository\org\openprovenance\prov\prov-model-scala\2.0.3\prov-model-scala-2.0.3.jar;C:\Users\mauho\.m2\repository\org\openprovenance\prov\nlg-spec-transformer\2.0.3\nlg-spec-transformer-2.0.3.jar;C:\Users\mauho\.m2\repository\org\openprovenance\prov\prov-model\2.0.3\prov-model-2.0.3.jar;C:\Users\mauho\.m2\repository\org\apache\commons\commons-lang3\3.9\commons-lang3-3.9.jar;C:\Users\mauho\.m2\repository\org\apache\commons\commons-collections4\4.4\commons-collections4-4.4.jar;C:\Users\mauho\.m2\repository\commons-io\commons-io\2.8.0\commons-io-2.8.0.jar;C:\Users\mauho\.m2\repository\jakarta\xml\bind\jakarta.xml.bind-api\4.0.0\jakarta.xml.bind-api-4.0.0.jar;C:\Users\mauho\.m2\repository\jakarta\activation\jakarta.activation-api\2.1.0\jakarta.activation-api-2.1.0.jar;C:\Users\mauho\.m2\repository\org\openprovenance\prov\prov-validation\2.0.3\prov-validation-2.0.3.jar;C:\Users\mauho\.m2\repository\com\googlecode\matrix-toolkits-java\mtj\0.9.14\mtj-0.9.14.jar;C:\Users\mauho\.m2\repository\com\googlecode\netlib-java\netlib-java\0.9.3\netlib-java-0.9.3.jar;C:\Users\mauho\.m2\repository\net\sourceforge\f2j\arpack_combined_all\0.1\arpack_combined_all-0.1.jar;C:\Users\mauho\.m2\repository\org\openprovenance\prov\prov-jsonld\2.0.3\prov-jsonld-2.0.3.jar;C:\Users\mauho\.m2\repository\org\openprovenance\prov\prov-nf\2.0.3\prov-nf-2.0.3.jar;C:\Users\mauho\.m2\repository\com\fasterxml\jackson\module\jackson-module-jakarta-xmlbind-annotations\2.15.2\jackson-module-jakarta-xmlbind-annotations-2.15.2.jar;C:\Users\mauho\.m2\repository\org\openprovenance\prov\prov-summarisation\2.0.3\prov-summarisation-2.0.3.jar;C:\Users\mauho\.m2\repository\org\scala-lang\modules\scala-parallel-collections_2.13\1.0.4\scala-parallel-collections_2.13-1.0.4.jar;C:\Users\mauho\.m2\repository\org\scala-lang\modules\scala-parser-combinators_2.13\1.1.2\scala-parser-combinators_2.13-1.1.2.jar;C:\Users\mauho\.m2\repository\org\parboiled\parboiled_2.13\2.5.0\parboiled_2.13-2.5.0.jar;C:\Users\mauho\.m2\repository\org\apache\httpcomponents\httpclient\4.5.14\httpclient-4.5.14.jar;C:\Users\mauho\.m2\repository\commons-logging\commons-logging\1.2\commons-logging-1.2.jar;C:\Users\mauho\.m2\repository\org\apache\logging\log4j\log4j-core\2.20.0\log4j-core-2.20.0.jar;C:\Users\mauho\.m2\repository\org\apache\logging\log4j\log4j-api\2.20.0\log4j-api-2.20.0.jar;C:\Users\mauho\.m2\repository\com\googlecode\json-simple\json-simple\1.1.1\json-simple-1.1.1.jar;C:\Users\mauho\.m2\repository\junit\junit\4.10\junit-4.10.jar;C:\Users\mauho\.m2\repository\org\hamcrest\hamcrest-core\1.1\hamcrest-core-1.1.jar;"/>
    <property name="java.vm.vendor" value="Oracle Corporation"/>
    <property name="sun.arch.data.model" value="64"/>
    <property name="user.variant" value=""/>
    <property name="java.vendor.url" value="https://java.oracle.com/"/>
    <property name="user.timezone" value="America/New_York"/>
    <property name="os.name" value="Windows 11"/>
    <property name="java.vm.specification.version" value="21"/>
    <property name="user.country" value="US"/>
    <property name="sun.java.launcher" value="SUN_STANDARD"/>
    <property name="sun.boot.library.path" value="C:\Users\mauho\OneDrive\Desktop\OpenJDK-21\bin"/>
    <property name="sun.java.command" value="C:\Users\mauho\AppData\Local\Temp\surefire6952683683569846985\surefirebooter-20241103161840856_3.jar C:\Users\mauho\AppData\Local\Temp\surefire6952683683569846985 2024-11-03T16-18-40_486-jvmRun1 surefire-20241103161840856_1tmp surefire_0-20241103161840856_2tmp"/>
    <property name="jdk.debug" value="release"/>
    <property name="test" value="ProgressTrackerTest"/>
    <property name="surefire.test.class.path" value="C:\Users\mauho\Language-Learning-App\application\target\test-classes;C:\Users\mauho\Language-Learning-App\application\target\classes;C:\Users\mauho\.m2\repository\org\junit\jupiter\junit-jupiter\5.8.2\junit-jupiter-5.8.2.jar;C:\Users\mauho\.m2\repository\org\junit\jupiter\junit-jupiter-api\5.8.2\junit-jupiter-api-5.8.2.jar;C:\Users\mauho\.m2\repository\org\opentest4j\opentest4j\1.2.0\opentest4j-1.2.0.jar;C:\Users\mauho\.m2\repository\org\junit\platform\junit-platform-commons\1.8.2\junit-platform-commons-1.8.2.jar;C:\Users\mauho\.m2\repository\org\apiguardian\apiguardian-api\1.1.2\apiguardian-api-1.1.2.jar;C:\Users\mauho\.m2\repository\org\junit\jupiter\junit-jupiter-params\5.8.2\junit-jupiter-params-5.8.2.jar;C:\Users\mauho\.m2\repository\org\junit\jupiter\junit-jupiter-engine\5.8.2\junit-jupiter-engine-5.8.2.jar;C:\Users\mauho\.m2\repository\org\junit\platform\junit-platform-engine\1.8.2\junit-platform-engine-1.8.2.jar;C:\Users\mauho\.m2\repository\javazoom\jlayer\1.0.1\jlayer-1.0.1.jar;C:\Users\mauho\.m2\repository\software\amazon\awssdk\polly\2.27.3\polly-2.27.3.jar;C:\Users\mauho\.m2\repository\software\amazon\awssdk\aws-json-protocol\2.27.3\aws-json-protocol-2.27.3.jar;C:\Users\mauho\.m2\repository\software\amazon\awssdk\third-party-jackson-core\2.27.3\third-party-jackson-core-2.27.3.jar;C:\Users\mauho\.m2\repository\software\amazon\awssdk\protocol-core\2.27.3\protocol-core-2.27.3.jar;C:\Users\mauho\.m2\repository\software\amazon\awssdk\profiles\2.27.3\profiles-2.27.3.jar;C:\Users\mauho\.m2\repository\software\amazon\awssdk\http-auth-aws\2.27.3\http-auth-aws-2.27.3.jar;C:\Users\mauho\.m2\repository\software\amazon\awssdk\checksums-spi\2.27.3\checksums-spi-2.27.3.jar;C:\Users\mauho\.m2\repository\software\amazon\awssdk\checksums\2.27.3\checksums-2.27.3.jar;C:\Users\mauho\.m2\repository\software\amazon\awssdk\sdk-core\2.27.3\sdk-core-2.27.3.jar;C:\Users\mauho\.m2\repository\software\amazon\awssdk\retries\2.27.3\retries-2.27.3.jar;C:\Users\mauho\.m2\repository\org\reactivestreams\reactive-streams\1.0.4\reactive-streams-1.0.4.jar;C:\Users\mauho\.m2\repository\software\amazon\awssdk\auth\2.27.3\auth-2.27.3.jar;C:\Users\mauho\.m2\repository\software\amazon\awssdk\http-auth-aws-eventstream\2.27.3\http-auth-aws-eventstream-2.27.3.jar;C:\Users\mauho\.m2\repository\software\amazon\eventstream\eventstream\1.0.1\eventstream-1.0.1.jar;C:\Users\mauho\.m2\repository\software\amazon\awssdk\http-auth-spi\2.27.3\http-auth-spi-2.27.3.jar;C:\Users\mauho\.m2\repository\software\amazon\awssdk\http-auth\2.27.3\http-auth-2.27.3.jar;C:\Users\mauho\.m2\repository\software\amazon\awssdk\identity-spi\2.27.3\identity-spi-2.27.3.jar;C:\Users\mauho\.m2\repository\software\amazon\awssdk\http-client-spi\2.27.3\http-client-spi-2.27.3.jar;C:\Users\mauho\.m2\repository\software\amazon\awssdk\regions\2.27.3\regions-2.27.3.jar;C:\Users\mauho\.m2\repository\software\amazon\awssdk\annotations\2.27.3\annotations-2.27.3.jar;C:\Users\mauho\.m2\repository\software\amazon\awssdk\utils\2.27.3\utils-2.27.3.jar;C:\Users\mauho\.m2\repository\software\amazon\awssdk\aws-core\2.27.3\aws-core-2.27.3.jar;C:\Users\mauho\.m2\repository\software\amazon\awssdk\metrics-spi\2.27.3\metrics-spi-2.27.3.jar;C:\Users\mauho\.m2\repository\software\amazon\awssdk\json-utils\2.27.3\json-utils-2.27.3.jar;C:\Users\mauho\.m2\repository\software\amazon\awssdk\endpoints-spi\2.27.3\endpoints-spi-2.27.3.jar;C:\Users\mauho\.m2\repository\software\amazon\awssdk\retries-spi\2.27.3\retries-spi-2.27.3.jar;C:\Users\mauho\.m2\repository\software\amazon\awssdk\apache-client\2.27.3\apache-client-2.27.3.jar;C:\Users\mauho\.m2\repository\org\apache\httpcomponents\httpcore\4.4.16\httpcore-4.4.16.jar;C:\Users\mauho\.m2\repository\commons-codec\commons-codec\1.17.1\commons-codec-1.17.1.jar;C:\Users\mauho\.m2\repository\software\amazon\awssdk\netty-nio-client\2.27.3\netty-nio-client-2.27.3.jar;C:\Users\mauho\.m2\repository\io\netty\netty-codec-http\4.1.112.Final\netty-codec-http-4.1.112.Final.jar;C:\Users\mauho\.m2\repository\io\netty\netty-codec-http2\4.1.112.Final\netty-codec-http2-4.1.112.Final.jar;C:\Users\mauho\.m2\repository\io\netty\netty-codec\4.1.112.Final\netty-codec-4.1.112.Final.jar;C:\Users\mauho\.m2\repository\io\netty\netty-transport\4.1.112.Final\netty-transport-4.1.112.Final.jar;C:\Users\mauho\.m2\repository\io\netty\netty-common\4.1.112.Final\netty-common-4.1.112.Final.jar;C:\Users\mauho\.m2\repository\io\netty\netty-buffer\4.1.112.Final\netty-buffer-4.1.112.Final.jar;C:\Users\mauho\.m2\repository\io\netty\netty-handler\4.1.112.Final\netty-handler-4.1.112.Final.jar;C:\Users\mauho\.m2\repository\io\netty\netty-transport-native-unix-common\4.1.112.Final\netty-transport-native-unix-common-4.1.112.Final.jar;C:\Users\mauho\.m2\repository\io\netty\netty-transport-classes-epoll\4.1.112.Final\netty-transport-classes-epoll-4.1.112.Final.jar;C:\Users\mauho\.m2\repository\io\netty\netty-resolver\4.1.112.Final\netty-resolver-4.1.112.Final.jar;C:\Users\mauho\.m2\repository\org\slf4j\slf4j-api\2.1.0-alpha1\slf4j-api-2.1.0-alpha1.jar;C:\Users\mauho\.m2\repository\org\slf4j\slf4j-simple\2.1.0-alpha1\slf4j-simple-2.1.0-alpha1.jar;C:\Users\mauho\.m2\repository\org\openprovenance\prov\prov-explanations\2.0.3\prov-explanations-2.0.3.jar;C:\Users\mauho\.m2\repository\org\openprovenance\prov\nlg-wrapper\2.0.3\nlg-wrapper-2.0.3.jar;C:\Users\mauho\.m2\repository\uk\ac\abdn\SimpleNLG\4.4.8\SimpleNLG-4.4.8.jar;C:\Users\mauho\.m2\repository\com\fasterxml\jackson\dataformat\jackson-dataformat-xml\2.15.2\jackson-dataformat-xml-2.15.2.jar;C:\Users\mauho\.m2\repository\org\codehaus\woodstox\stax2-api\4.2.1\stax2-api-4.2.1.jar;C:\Users\mauho\.m2\repository\com\fasterxml\woodstox\woodstox-core\6.5.1\woodstox-core-6.5.1.jar;C:\Users\mauho\.m2\repository\org\scala-lang\scala-library\2.13.12\scala-library-2.13.12.jar;C:\Users\mauho\.m2\repository\com\fasterxml\jackson\core\jackson-databind\2.15.2\jackson-databind-2.15.2.jar;C:\Users\mauho\.m2\repository\com\fasterxml\jackson\core\jackson-annotations\2.15.2\jackson-annotations-2.15.2.jar;C:\Users\mauho\.m2\repository\com\fasterxml\jackson\core\jackson-core\2.15.2\jackson-core-2.15.2.jar;C:\Users\mauho\.m2\repository\com\fasterxml\jackson\module\jackson-module-scala_2.13\2.15.2\jackson-module-scala_2.13-2.15.2.jar;C:\Users\mauho\.m2\repository\com\thoughtworks\paranamer\paranamer\2.8\paranamer-2.8.jar;C:\Users\mauho\.m2\repository\gov\nih\nlm\nls\lexaccess\lexaccess-dist\2013\lexaccess-dist-2013.jar;C:\Users\mauho\.m2\repository\org\openprovenance\prov\prov-query\2.0.3\prov-query-2.0.3.jar;C:\Users\mauho\.m2\repository\org\openprovenance\prov\prov-scala-misc\2.0.3\prov-scala-misc-2.0.3.jar;C:\Users\mauho\.m2\repository\org\openprovenance\prov\prov-model-scala\2.0.3\prov-model-scala-2.0.3.jar;C:\Users\mauho\.m2\repository\org\openprovenance\prov\nlg-spec-transformer\2.0.3\nlg-spec-transformer-2.0.3.jar;C:\Users\mauho\.m2\repository\org\openprovenance\prov\prov-model\2.0.3\prov-model-2.0.3.jar;C:\Users\mauho\.m2\repository\org\apache\commons\commons-lang3\3.9\commons-lang3-3.9.jar;C:\Users\mauho\.m2\repository\org\apache\commons\commons-collections4\4.4\commons-collections4-4.4.jar;C:\Users\mauho\.m2\repository\commons-io\commons-io\2.8.0\commons-io-2.8.0.jar;C:\Users\mauho\.m2\repository\jakarta\xml\bind\jakarta.xml.bind-api\4.0.0\jakarta.xml.bind-api-4.0.0.jar;C:\Users\mauho\.m2\repository\jakarta\activation\jakarta.activation-api\2.1.0\jakarta.activation-api-2.1.0.jar;C:\Users\mauho\.m2\repository\org\openprovenance\prov\prov-validation\2.0.3\prov-validation-2.0.3.jar;C:\Users\mauho\.m2\repository\com\googlecode\matrix-toolkits-java\mtj\0.9.14\mtj-0.9.14.jar;C:\Users\mauho\.m2\repository\com\googlecode\netlib-java\netlib-java\0.9.3\netlib-java-0.9.3.jar;C:\Users\mauho\.m2\repository\net\sourceforge\f2j\arpack_combined_all\0.1\arpack_combined_all-0.1.jar;C:\Users\mauho\.m2\repository\org\openprovenance\prov\prov-jsonld\2.0.3\prov-jsonld-2.0.3.jar;C:\Users\mauho\.m2\repository\org\openprovenance\prov\prov-nf\2.0.3\prov-nf-2.0.3.jar;C:\Users\mauho\.m2\repository\com\fasterxml\jackson\module\jackson-module-jakarta-xmlbind-annotations\2.15.2\jackson-module-jakarta-xmlbind-annotations-2.15.2.jar;C:\Users\mauho\.m2\repository\org\openprovenance\prov\prov-summarisation\2.0.3\prov-summarisation-2.0.3.jar;C:\Users\mauho\.m2\repository\org\scala-lang\modules\scala-parallel-collections_2.13\1.0.4\scala-parallel-collections_2.13-1.0.4.jar;C:\Users\mauho\.m2\repository\org\scala-lang\modules\scala-parser-combinators_2.13\1.1.2\scala-parser-combinators_2.13-1.1.2.jar;C:\Users\mauho\.m2\repository\org\parboiled\parboiled_2.13\2.5.0\parboiled_2.13-2.5.0.jar;C:\Users\mauho\.m2\repository\org\apache\httpcomponents\httpclient\4.5.14\httpclient-4.5.14.jar;C:\Users\mauho\.m2\repository\commons-logging\commons-logging\1.2\commons-logging-1.2.jar;C:\Users\mauho\.m2\repository\org\apache\logging\log4j\log4j-core\2.20.0\log4j-core-2.20.0.jar;C:\Users\mauho\.m2\repository\org\apache\logging\log4j\log4j-api\2.20.0\log4j-api-2.20.0.jar;C:\Users\mauho\.m2\repository\com\googlecode\json-simple\json-simple\1.1.1\json-simple-1.1.1.jar;C:\Users\mauho\.m2\repository\junit\junit\4.10\junit-4.10.jar;C:\Users\mauho\.m2\repository\org\hamcrest\hamcrest-core\1.1\hamcrest-core-1.1.jar;"/>
    <property name="sun.cpu.endian" value="little"/>
    <property name="user.home" value="C:\Users\mauho"/>
    <property name="user.language" value="en"/>
    <property name="java.specification.vendor" value="Oracle Corporation"/>
    <property name="java.version.date" value="2024-01-16"/>
    <property name="java.home" value="C:\Users\mauho\OneDrive\Desktop\OpenJDK-21"/>
    <property name="file.separator" value="\"/>
    <property name="basedir" value="C:\Users\mauho\Language-Learning-App\application"/>
    <property name="java.vm.compressedOopsMode" value="32-bit"/>
    <property name="line.separator" value="&#10;"/>
    <property name="java.vm.specification.vendor" value="Oracle Corporation"/>
    <property name="java.specification.name" value="Java Platform API Specification"/>
    <property name="surefire.real.class.path" value="C:\Users\mauho\AppData\Local\Temp\surefire6952683683569846985\surefirebooter-20241103161840856_3.jar"/>
    <property name="user.script" value=""/>
    <property name="sun.management.compiler" value="HotSpot 64-Bit Tiered Compilers"/>
    <property name="java.runtime.version" value="21.0.2+13-58"/>
    <property name="user.name" value="mauho"/>
    <property name="stdout.encoding" value="Cp1252"/>
    <property name="path.separator" value=";"/>
    <property name="os.version" value="10.0"/>
    <property name="java.runtime.name" value="OpenJDK Runtime Environment"/>
    <property name="file.encoding" value="UTF-8"/>
    <property name="java.vm.name" value="OpenJDK 64-Bit Server VM"/>
    <property name="maven.ext.class.path" value="C:\Users\mauho\.vscode\extensions\oracle.oracle-java-23.0.0\nbcode\java\maven-nblib\netbeans-eventspy.jar"/>
    <property name="localRepository" value="C:\Users\mauho\.m2\repository"/>
    <property name="java.vendor.url.bug" value="https://bugreport.java.com/bugreport/"/>
    <property name="java.io.tmpdir" value="C:\Users\mauho\AppData\Local\Temp\"/>
    <property name="java.version" value="21.0.2"/>
    <property name="user.dir" value="C:\Users\mauho\Language-Learning-App\application"/>
    <property name="os.arch" value="amd64"/>
    <property name="java.vm.specification.name" value="Java Virtual Machine Specification"/>
    <property name="sun.os.patch.level" value=""/>
    <property name="native.encoding" value="Cp1252"/>
    <property name="java.library.path" value="C:\Users\mauho\OneDrive\Desktop\OpenJDK-21\bin;C:\WINDOWS\Sun\Java\bin;C:\WINDOWS\system32;C:\WINDOWS;C:\Windows\system32;C:\Windows;C:\Windows\System32\Wbem;C:\Windows\System32\WindowsPowerShell\v1.0\;C:\Windows\System32\OpenSSH\;C:\Program Files (x86)\NVIDIA Corporation\PhysX\Common;C:\Program Files\NVIDIA Corporation\NVIDIA NvDLISR;C:\WINDOWS\system32;C:\WINDOWS;C:\WINDOWS\System32\Wbem;C:\WINDOWS\System32\WindowsPowerShell\v1.0\;C:\WINDOWS\System32\OpenSSH\;C:\Program Files\Git\cmd;C:\ProgramData\chocolatey\bin;C:\Program Files\Amazon\AWSCLIV2\;C:\Program Files\nodejs\;C:\Users\mauho\AppData\Local\Microsoft\WindowsApps;C:\msys64\ucrt64\bin;C:\Users\mauho\OneDrive\Desktop\OpenJDK-21\bin;C:\Users\mauho\AppData\Roaming\npm;."/>
    <property name="java.vm.info" value="mixed mode, sharing"/>
    <property name="stderr.encoding" value="Cp1252"/>
    <property name="java.vendor" value="Oracle Corporation"/>
    <property name="java.vm.version" value="21.0.2+13-58"/>
    <property name="sun.io.unicode.encoding" value="UnicodeLittle"/>
    <property name="java.class.version" value="65.0"/>
  </properties>
  <testcase name="testTrackProgress" classname="ProgressTrackerTest" time="0.009">
    <error message="Unresolved compilation problems: &#10;	The declared package &quot;com.languageLearner.app&quot; does not match the expected package &quot;&quot;&#10;	The constructor ProgressTracker() is undefined&#10;	The method trackProgress(String) is undefined for the type ProgressTracker&#10;	The method isProgressTracked(String) is undefined for the type ProgressTracker&#10;	The method getProgress(String) is undefined for the type ProgressTracker&#10;	expectedValue cannot be resolved to a variable&#10;" type="java.lang.Error"><![CDATA[java.lang.Error: 
Unresolved compilation problems: 
	The declared package "com.languageLearner.app" does not match the expected package ""
	The constructor ProgressTracker() is undefined
	The method trackProgress(String) is undefined for the type ProgressTracker
	The method isProgressTracked(String) is undefined for the type ProgressTracker
	The method getProgress(String) is undefined for the type ProgressTracker
	expectedValue cannot be resolved to a variable

	at ProgressTrackerTest.<init>(ProgressTrackerTest.java:1)
	at java.base/jdk.internal.reflect.DirectConstructorHandleAccessor.newInstance(DirectConstructorHandleAccessor.java:62)
	at java.base/java.lang.reflect.Constructor.newInstanceWithCaller(Constructor.java:502)
	at java.base/java.lang.reflect.Constructor.newInstance(Constructor.java:486)
	at org.junit.platform.commons.util.ReflectionUtils.newInstance(ReflectionUtils.java:550)
	at org.junit.jupiter.engine.execution.ConstructorInvocation.proceed(ConstructorInvocation.java:56)
	at org.junit.jupiter.engine.execution.InvocationInterceptorChain$ValidatingInvocation.proceed(InvocationInterceptorChain.java:131)
	at org.junit.jupiter.api.extension.InvocationInterceptor.interceptTestClassConstructor(InvocationInterceptor.java:73)
	at org.junit.jupiter.engine.execution.ExecutableInvoker.lambda$invoke$0(ExecutableInvoker.java:105)
	at org.junit.jupiter.engine.execution.InvocationInterceptorChain$InterceptedInvocation.proceed(InvocationInterceptorChain.java:106)
	at org.junit.jupiter.engine.execution.InvocationInterceptorChain.proceed(InvocationInterceptorChain.java:64)
	at org.junit.jupiter.engine.execution.InvocationInterceptorChain.chainAndInvoke(InvocationInterceptorChain.java:45)
	at org.junit.jupiter.engine.execution.InvocationInterceptorChain.invoke(InvocationInterceptorChain.java:37)
	at org.junit.jupiter.engine.execution.ExecutableInvoker.invoke(ExecutableInvoker.java:104)
	at org.junit.jupiter.engine.execution.ExecutableInvoker.invoke(ExecutableInvoker.java:77)
	at org.junit.jupiter.engine.descriptor.ClassBasedTestDescriptor.invokeTestClassConstructor(ClassBasedTestDescriptor.java:355)
	at org.junit.jupiter.engine.descriptor.ClassBasedTestDescriptor.instantiateTestClass(ClassBasedTestDescriptor.java:302)
	at org.junit.jupiter.engine.descriptor.ClassTestDescriptor.instantiateTestClass(ClassTestDescriptor.java:79)
	at org.junit.jupiter.engine.descriptor.ClassBasedTestDescriptor.instantiateAndPostProcessTestInstance(ClassBasedTestDescriptor.java:280)
	at org.junit.jupiter.engine.descriptor.ClassBasedTestDescriptor.lambda$testInstancesProvider$4(ClassBasedTestDescriptor.java:272)
	at java.base/java.util.Optional.orElseGet(Optional.java:364)
	at org.junit.jupiter.engine.descriptor.ClassBasedTestDescriptor.lambda$testInstancesProvider$5(ClassBasedTestDescriptor.java:271)
	at org.junit.jupiter.engine.execution.TestInstancesProvider.getTestInstances(TestInstancesProvider.java:31)
	at org.junit.jupiter.engine.descriptor.TestMethodTestDescriptor.lambda$prepare$0(TestMethodTestDescriptor.java:102)
	at org.junit.platform.engine.support.hierarchical.ThrowableCollector.execute(ThrowableCollector.java:73)
	at org.junit.jupiter.engine.descriptor.TestMethodTestDescriptor.prepare(TestMethodTestDescriptor.java:101)
	at org.junit.jupiter.engine.descriptor.TestMethodTestDescriptor.prepare(TestMethodTestDescriptor.java:66)
	at org.junit.platform.engine.support.hierarchical.NodeTestTask.lambda$prepare$2(NodeTestTask.java:123)
	at org.junit.platform.engine.support.hierarchical.ThrowableCollector.execute(ThrowableCollector.java:73)
	at org.junit.platform.engine.support.hierarchical.NodeTestTask.prepare(NodeTestTask.java:123)
	at org.junit.platform.engine.support.hierarchical.NodeTestTask.execute(NodeTestTask.java:90)
	at java.base/java.util.ArrayList.forEach(ArrayList.java:1596)
	at org.junit.platform.engine.support.hierarchical.SameThreadHierarchicalTestExecutorService.invokeAll(SameThreadHierarchicalTestExecutorService.java:41)
	at org.junit.platform.engine.support.hierarchical.NodeTestTask.lambda$executeRecursively$6(NodeTestTask.java:155)
	at org.junit.platform.engine.support.hierarchical.ThrowableCollector.execute(ThrowableCollector.java:73)
	at org.junit.platform.engine.support.hierarchical.NodeTestTask.lambda$executeRecursively$8(NodeTestTask.java:141)
	at org.junit.platform.engine.support.hierarchical.Node.around(Node.java:137)
	at org.junit.platform.engine.support.hierarchical.NodeTestTask.lambda$executeRecursively$9(NodeTestTask.java:139)
	at org.junit.platform.engine.support.hierarchical.ThrowableCollector.execute(ThrowableCollector.java:73)
	at org.junit.platform.engine.support.hierarchical.NodeTestTask.executeRecursively(NodeTestTask.java:138)
	at org.junit.platform.engine.support.hierarchical.NodeTestTask.execute(NodeTestTask.java:95)
	at java.base/java.util.ArrayList.forEach(ArrayList.java:1596)
	at org.junit.platform.engine.support.hierarchical.SameThreadHierarchicalTestExecutorService.invokeAll(SameThreadHierarchicalTestExecutorService.java:41)
	at org.junit.platform.engine.support.hierarchical.NodeTestTask.lambda$executeRecursively$6(NodeTestTask.java:155)
	at org.junit.platform.engine.support.hierarchical.ThrowableCollector.execute(ThrowableCollector.java:73)
	at org.junit.platform.engine.support.hierarchical.NodeTestTask.lambda$executeRecursively$8(NodeTestTask.java:141)
	at org.junit.platform.engine.support.hierarchical.Node.around(Node.java:137)
	at org.junit.platform.engine.support.hierarchical.NodeTestTask.lambda$executeRecursively$9(NodeTestTask.java:139)
	at org.junit.platform.engine.support.hierarchical.ThrowableCollector.execute(ThrowableCollector.java:73)
	at org.junit.platform.engine.support.hierarchical.NodeTestTask.executeRecursively(NodeTestTask.java:138)
	at org.junit.platform.engine.support.hierarchical.NodeTestTask.execute(NodeTestTask.java:95)
	at org.junit.platform.engine.support.hierarchical.SameThreadHierarchicalTestExecutorService.submit(SameThreadHierarchicalTestExecutorService.java:35)
	at org.junit.platform.engine.support.hierarchical.HierarchicalTestExecutor.execute(HierarchicalTestExecutor.java:57)
	at org.junit.platform.engine.support.hierarchical.HierarchicalTestEngine.execute(HierarchicalTestEngine.java:54)
	at org.junit.platform.launcher.core.EngineExecutionOrchestrator.execute(EngineExecutionOrchestrator.java:107)
	at org.junit.platform.launcher.core.EngineExecutionOrchestrator.execute(EngineExecutionOrchestrator.java:88)
	at org.junit.platform.launcher.core.EngineExecutionOrchestrator.lambda$execute$0(EngineExecutionOrchestrator.java:54)
	at org.junit.platform.launcher.core.EngineExecutionOrchestrator.withInterceptedStreams(EngineExecutionOrchestrator.java:67)
	at org.junit.platform.launcher.core.EngineExecutionOrchestrator.execute(EngineExecutionOrchestrator.java:52)
	at org.junit.platform.launcher.core.DefaultLauncher.execute(DefaultLauncher.java:114)
	at org.junit.platform.launcher.core.DefaultLauncher.execute(DefaultLauncher.java:86)
	at org.junit.platform.launcher.core.DefaultLauncherSession$DelegatingLauncher.execute(DefaultLauncherSession.java:86)
	at org.apache.maven.surefire.junitplatform.LazyLauncher.execute(LazyLauncher.java:56)
	at org.apache.maven.surefire.junitplatform.JUnitPlatformProvider.execute(JUnitPlatformProvider.java:184)
	at org.apache.maven.surefire.junitplatform.JUnitPlatformProvider.invokeAllTests(JUnitPlatformProvider.java:148)
	at org.apache.maven.surefire.junitplatform.JUnitPlatformProvider.invoke(JUnitPlatformProvider.java:122)
	at org.apache.maven.surefire.booter.ForkedBooter.runSuitesInProcess(ForkedBooter.java:385)
	at org.apache.maven.surefire.booter.ForkedBooter.execute(ForkedBooter.java:162)
	at org.apache.maven.surefire.booter.ForkedBooter.run(ForkedBooter.java:507)
	at org.apache.maven.surefire.booter.ForkedBooter.main(ForkedBooter.java:495)
]]></error>
  </testcase>
  <testcase name="testGetProgress" classname="ProgressTrackerTest" time="0.001">
    <error message="Unresolved compilation problems: &#10;	The declared package &quot;com.languageLearner.app&quot; does not match the expected package &quot;&quot;&#10;	The constructor ProgressTracker() is undefined&#10;	The method trackProgress(String) is undefined for the type ProgressTracker&#10;	The method isProgressTracked(String) is undefined for the type ProgressTracker&#10;	The method getProgress(String) is undefined for the type ProgressTracker&#10;	expectedValue cannot be resolved to a variable&#10;" type="java.lang.Error"><![CDATA[java.lang.Error: 
Unresolved compilation problems: 
	The declared package "com.languageLearner.app" does not match the expected package ""
	The constructor ProgressTracker() is undefined
	The method trackProgress(String) is undefined for the type ProgressTracker
	The method isProgressTracked(String) is undefined for the type ProgressTracker
	The method getProgress(String) is undefined for the type ProgressTracker
	expectedValue cannot be resolved to a variable

	at ProgressTrackerTest.<init>(ProgressTrackerTest.java:1)
	at java.base/jdk.internal.reflect.DirectConstructorHandleAccessor.newInstance(DirectConstructorHandleAccessor.java:62)
	at java.base/java.lang.reflect.Constructor.newInstanceWithCaller(Constructor.java:502)
	at java.base/java.lang.reflect.Constructor.newInstance(Constructor.java:486)
	at org.junit.platform.commons.util.ReflectionUtils.newInstance(ReflectionUtils.java:550)
	at org.junit.jupiter.engine.execution.ConstructorInvocation.proceed(ConstructorInvocation.java:56)
	at org.junit.jupiter.engine.execution.InvocationInterceptorChain$ValidatingInvocation.proceed(InvocationInterceptorChain.java:131)
	at org.junit.jupiter.api.extension.InvocationInterceptor.interceptTestClassConstructor(InvocationInterceptor.java:73)
	at org.junit.jupiter.engine.execution.ExecutableInvoker.lambda$invoke$0(ExecutableInvoker.java:105)
	at org.junit.jupiter.engine.execution.InvocationInterceptorChain$InterceptedInvocation.proceed(InvocationInterceptorChain.java:106)
	at org.junit.jupiter.engine.execution.InvocationInterceptorChain.proceed(InvocationInterceptorChain.java:64)
	at org.junit.jupiter.engine.execution.InvocationInterceptorChain.chainAndInvoke(InvocationInterceptorChain.java:45)
	at org.junit.jupiter.engine.execution.InvocationInterceptorChain.invoke(InvocationInterceptorChain.java:37)
	at org.junit.jupiter.engine.execution.ExecutableInvoker.invoke(ExecutableInvoker.java:104)
	at org.junit.jupiter.engine.execution.ExecutableInvoker.invoke(ExecutableInvoker.java:77)
	at org.junit.jupiter.engine.descriptor.ClassBasedTestDescriptor.invokeTestClassConstructor(ClassBasedTestDescriptor.java:355)
	at org.junit.jupiter.engine.descriptor.ClassBasedTestDescriptor.instantiateTestClass(ClassBasedTestDescriptor.java:302)
	at org.junit.jupiter.engine.descriptor.ClassTestDescriptor.instantiateTestClass(ClassTestDescriptor.java:79)
	at org.junit.jupiter.engine.descriptor.ClassBasedTestDescriptor.instantiateAndPostProcessTestInstance(ClassBasedTestDescriptor.java:280)
	at org.junit.jupiter.engine.descriptor.ClassBasedTestDescriptor.lambda$testInstancesProvider$4(ClassBasedTestDescriptor.java:272)
	at java.base/java.util.Optional.orElseGet(Optional.java:364)
	at org.junit.jupiter.engine.descriptor.ClassBasedTestDescriptor.lambda$testInstancesProvider$5(ClassBasedTestDescriptor.java:271)
	at org.junit.jupiter.engine.execution.TestInstancesProvider.getTestInstances(TestInstancesProvider.java:31)
	at org.junit.jupiter.engine.descriptor.TestMethodTestDescriptor.lambda$prepare$0(TestMethodTestDescriptor.java:102)
	at org.junit.platform.engine.support.hierarchical.ThrowableCollector.execute(ThrowableCollector.java:73)
	at org.junit.jupiter.engine.descriptor.TestMethodTestDescriptor.prepare(TestMethodTestDescriptor.java:101)
	at org.junit.jupiter.engine.descriptor.TestMethodTestDescriptor.prepare(TestMethodTestDescriptor.java:66)
	at org.junit.platform.engine.support.hierarchical.NodeTestTask.lambda$prepare$2(NodeTestTask.java:123)
	at org.junit.platform.engine.support.hierarchical.ThrowableCollector.execute(ThrowableCollector.java:73)
	at org.junit.platform.engine.support.hierarchical.NodeTestTask.prepare(NodeTestTask.java:123)
	at org.junit.platform.engine.support.hierarchical.NodeTestTask.execute(NodeTestTask.java:90)
	at java.base/java.util.ArrayList.forEach(ArrayList.java:1596)
	at org.junit.platform.engine.support.hierarchical.SameThreadHierarchicalTestExecutorService.invokeAll(SameThreadHierarchicalTestExecutorService.java:41)
	at org.junit.platform.engine.support.hierarchical.NodeTestTask.lambda$executeRecursively$6(NodeTestTask.java:155)
	at org.junit.platform.engine.support.hierarchical.ThrowableCollector.execute(ThrowableCollector.java:73)
	at org.junit.platform.engine.support.hierarchical.NodeTestTask.lambda$executeRecursively$8(NodeTestTask.java:141)
	at org.junit.platform.engine.support.hierarchical.Node.around(Node.java:137)
	at org.junit.platform.engine.support.hierarchical.NodeTestTask.lambda$executeRecursively$9(NodeTestTask.java:139)
	at org.junit.platform.engine.support.hierarchical.ThrowableCollector.execute(ThrowableCollector.java:73)
	at org.junit.platform.engine.support.hierarchical.NodeTestTask.executeRecursively(NodeTestTask.java:138)
	at org.junit.platform.engine.support.hierarchical.NodeTestTask.execute(NodeTestTask.java:95)
	at java.base/java.util.ArrayList.forEach(ArrayList.java:1596)
	at org.junit.platform.engine.support.hierarchical.SameThreadHierarchicalTestExecutorService.invokeAll(SameThreadHierarchicalTestExecutorService.java:41)
	at org.junit.platform.engine.support.hierarchical.NodeTestTask.lambda$executeRecursively$6(NodeTestTask.java:155)
	at org.junit.platform.engine.support.hierarchical.ThrowableCollector.execute(ThrowableCollector.java:73)
	at org.junit.platform.engine.support.hierarchical.NodeTestTask.lambda$executeRecursively$8(NodeTestTask.java:141)
	at org.junit.platform.engine.support.hierarchical.Node.around(Node.java:137)
	at org.junit.platform.engine.support.hierarchical.NodeTestTask.lambda$executeRecursively$9(NodeTestTask.java:139)
	at org.junit.platform.engine.support.hierarchical.ThrowableCollector.execute(ThrowableCollector.java:73)
	at org.junit.platform.engine.support.hierarchical.NodeTestTask.executeRecursively(NodeTestTask.java:138)
	at org.junit.platform.engine.support.hierarchical.NodeTestTask.execute(NodeTestTask.java:95)
	at org.junit.platform.engine.support.hierarchical.SameThreadHierarchicalTestExecutorService.submit(SameThreadHierarchicalTestExecutorService.java:35)
	at org.junit.platform.engine.support.hierarchical.HierarchicalTestExecutor.execute(HierarchicalTestExecutor.java:57)
	at org.junit.platform.engine.support.hierarchical.HierarchicalTestEngine.execute(HierarchicalTestEngine.java:54)
	at org.junit.platform.launcher.core.EngineExecutionOrchestrator.execute(EngineExecutionOrchestrator.java:107)
	at org.junit.platform.launcher.core.EngineExecutionOrchestrator.execute(EngineExecutionOrchestrator.java:88)
	at org.junit.platform.launcher.core.EngineExecutionOrchestrator.lambda$execute$0(EngineExecutionOrchestrator.java:54)
	at org.junit.platform.launcher.core.EngineExecutionOrchestrator.withInterceptedStreams(EngineExecutionOrchestrator.java:67)
	at org.junit.platform.launcher.core.EngineExecutionOrchestrator.execute(EngineExecutionOrchestrator.java:52)
	at org.junit.platform.launcher.core.DefaultLauncher.execute(DefaultLauncher.java:114)
	at org.junit.platform.launcher.core.DefaultLauncher.execute(DefaultLauncher.java:86)
	at org.junit.platform.launcher.core.DefaultLauncherSession$DelegatingLauncher.execute(DefaultLauncherSession.java:86)
	at org.apache.maven.surefire.junitplatform.LazyLauncher.execute(LazyLauncher.java:56)
	at org.apache.maven.surefire.junitplatform.JUnitPlatformProvider.execute(JUnitPlatformProvider.java:184)
	at org.apache.maven.surefire.junitplatform.JUnitPlatformProvider.invokeAllTests(JUnitPlatformProvider.java:148)
	at org.apache.maven.surefire.junitplatform.JUnitPlatformProvider.invoke(JUnitPlatformProvider.java:122)
	at org.apache.maven.surefire.booter.ForkedBooter.runSuitesInProcess(ForkedBooter.java:385)
	at org.apache.maven.surefire.booter.ForkedBooter.execute(ForkedBooter.java:162)
	at org.apache.maven.surefire.booter.ForkedBooter.run(ForkedBooter.java:507)
	at org.apache.maven.surefire.booter.ForkedBooter.main(ForkedBooter.java:495)
]]></error>
  </testcase>
</testsuite>